#
# A fatal error has been detected by the Java Runtime Environment:
#
#  SIGSEGV (0xb) at pc=0x00007f5901069a7a, pid=2021, tid=0x00007f58cac1d700
#
# JRE version: Java(TM) SE Runtime Environment (8.0_131-b11) (build 1.8.0_131-b11)
# Java VM: Java HotSpot(TM) 64-Bit Server VM (25.131-b11 mixed mode linux-amd64 compressed oops)
# Problematic frame:
# v  ~BufferBlob::jni_fast_GetLongField
#
# Failed to write core dump. Core dumps have been disabled. To enable core dumping, try "ulimit -c unlimited" before starting Java again
#
# If you would like to submit a bug report, please visit:
#   http://bugreport.java.com/bugreport/crash.jsp
# The crash happened outside the Java Virtual Machine in native code.
# See problematic frame for where to report the bug.
#

---------------  T H R E A D  ---------------

Current thread (0x00007f59101fd800):  JavaThread "AWT-XAWT" daemon [_thread_in_native, id=2037, stack(0x00007f58cab1d000,0x00007f58cac1e000)]

siginfo: si_signo: 11 (SIGSEGV), si_code: 1 (SEGV_MAPERR), si_addr: 0x0000000000000000

Registers:
RAX=0x00007f591783b240, RBX=0x00007f59101fd9f8, RCX=0x00007f59182a22c0, RDX=0x0000000000000042
RSP=0x00007f58cac1c6b8, RBP=0x00007f58cac1c6e0, RSI=0x0000000000000000, RDI=0x00007f59101fd9f8
R8 =0x00000000ebddee20, R9 =0x0000000000000000, R10=0x000000000000001c, R11=0x00007f59011e2dd8
R12=0x00007f58b0007380, R13=0x0000000000000000, R14=0x00007f58f8a237e0, R15=0x00007f59101fd800
RIP=0x00007f5901069a7a, EFLAGS=0x0000000000010246, CSGSFS=0x0000000000000033, ERR=0x0000000000000004
  TRAPNO=0x000000000000000e

Top of Stack: (sp=0x00007f58cac1c6b8)
0x00007f58cac1c6b8:   00007f58f8801ee1 00007f5914420a48
0x00007f58cac1c6c8:   00007f58b0007380 00007f58cac1c790
0x00007f58cac1c6d8:   00007f58cac1c760 0000000000000000
0x00007f58cac1c6e8:   00007f58f82e33c0 00007f5914420a48
0x00007f58cac1c6f8:   00007f58cac1c720 0000000000000000
0x00007f58cac1c708:   00007f58f82daf93 00007f58cac1c790
0x00007f58cac1c718:   00007f58f87fb11f 00007f58cac1c770
0x00007f58cac1c728:   00007f59011e2e76 0000000000000000
0x00007f58cac1c738:   00007f59011b7336 00007f58cac1c790
0x00007f58cac1c748:   00007f5901170d6c 00007f58cac1c7f0
0x00007f58cac1c758:   00000000ebfec410 00000000ebfb5cf8
0x00007f58cac1c768:   0000000000000001 00007f58cac1c7f0
0x00007f58cac1c778:   00007f5901007a90 00007f58cac1c7f0
0x00007f58cac1c788:   00007f5901007a90 0000000000000000
0x00007f58cac1c798:   00007f5901007dd0 00007f58b8000e30
0x00007f58cac1c7a8:   00000000ec04a6c0 00007f58cac1c7b0
0x00007f58cac1c7b8:   00007f591452483c 00007f58cac1c838
0x00007f58cac1c7c8:   00007f591452e010 0000000000000000
0x00007f58cac1c7d8:   00007f5914524978 00007f58cac1c790
0x00007f58cac1c7e8:   00007f58cac1c830 00007f58cac1c880
0x00007f58cac1c7f8:   00007f59010082bd 0000000000000000
0x00007f58cac1c808:   00000000ec006608 00000000ebfa8638
0x00007f58cac1c818:   0000000000000000 0000000000000000
0x00007f58cac1c828:   00000000ec04a6c0 0000000000000000
0x00007f58cac1c838:   00000000ebfecfb0 00007f58cac1c840
0x00007f58cac1c848:   00007f591452467d 00007f58cac1c890
0x00007f58cac1c858:   00007f591452e010 0000000000000000
0x00007f58cac1c868:   00007f5914524688 00007f58cac1c830
0x00007f58cac1c878:   00007f58cac1c890 00007f58cac1c8d8
0x00007f58cac1c888:   00007f5901008302 00000000ebfecfb0
0x00007f58cac1c898:   00007f58cac1c898 00007f591406b99b
0x00007f58cac1c8a8:   00007f58cac1c8e8 00007f59140f3080 

Instructions: (pc=0x00007f5901069a7a)
0x00007f5901069a5a:   00 00 00 00 00 00 44 8b 15 61 12 81 16 4c 8b ce
0x00007f5901069a6a:   41 f6 c2 01 0f 85 2e 00 00 00 4d 33 ca 4d 33 ca
0x00007f5901069a7a:   4d 8b 09 4c 8b da 49 c1 eb 02 4b 8b 04 19 49 bb
0x00007f5901069a8a:   c8 ac 87 17 59 7f 00 00 4c 33 d8 4c 33 d8 45 3b 

Register to memory mapping:

RAX=0x00007f591783b240: <offset 0xf87240> in /usr/lib/jvm/java-8-oracle/jre/lib/amd64/server/libjvm.so at 0x00007f59168b4000
RBX=0x00007f59101fd9f8 is an unknown value
RCX=0x00007f59182a22c0: <offset 0x2182c0> in /lib/x86_64-linux-gnu/libpthread.so.0 at 0x00007f591808a000
RDX=0x0000000000000042 is an unknown value
RSP=0x00007f58cac1c6b8 is pointing into the stack for thread: 0x00007f59101fd800
RBP=0x00007f58cac1c6e0 is pointing into the stack for thread: 0x00007f59101fd800
RSI=0x0000000000000000 is an unknown value
RDI=0x00007f59101fd9f8 is an unknown value
R8 =0x00000000ebddee20 is an oop
sun.util.logging.PlatformLogger$Level 
 - klass: 'sun/util/logging/PlatformLogger$Level'
R9 =0x0000000000000000 is an unknown value
R10=0x000000000000001c is an unknown value
R11=0x00007f59011e2dd8 is at entry_point+24 in (nmethod*)0x00007f59011e2c50
R12=0x00007f58b0007380 is an unknown value
R13=0x0000000000000000 is an unknown value
R14=0x00007f58f8a237e0: <offset 0x2587e0> in /usr/lib/jvm/java-8-oracle/jre/lib/amd64/libawt_xawt.so at 0x00007f58f87cb000
R15=0x00007f59101fd800 is a thread


Stack: [0x00007f58cab1d000,0x00007f58cac1e000],  sp=0x00007f58cac1c6b8,  free space=1021k
Native frames: (J=compiled Java code, j=interpreted, Vv=VM code, C=native code)
v  ~BufferBlob::jni_fast_GetLongField
C  [libX11.so.6+0x643c0]  _XimServerDestroy+0x70

Java frames: (J=compiled Java code, j=interpreted, Vv=VM code)
J 414  sun.awt.X11.XlibWrapper.XFilterEvent(JJ)Z (0 bytes) @ 0x00007f59011e2e04 [0x00007f59011e2dc0+0x44]
j  sun.awt.X11.XToolkit.run(Z)V+300
j  sun.awt.X11.XToolkit.run()V+5
j  java.lang.Thread.run()V+11
v  ~StubRoutines::call_stub

---------------  P R O C E S S  ---------------

Java Threads: ( => current thread )
  0x00007f58b8002000 JavaThread "AWT-EventQueue-0" [_thread_blocked, id=2039, stack(0x00007f58ca91b000,0x00007f58caa1c000)]
  0x00007f5910009800 JavaThread "DestroyJavaVM" [_thread_blocked, id=2022, stack(0x00007f59183af000,0x00007f59184b0000)]
  0x00007f5910217800 JavaThread "AWT-Shutdown" [_thread_blocked, id=2038, stack(0x00007f58caa1c000,0x00007f58cab1d000)]
=>0x00007f59101fd800 JavaThread "AWT-XAWT" daemon [_thread_in_native, id=2037, stack(0x00007f58cab1d000,0x00007f58cac1e000)]
  0x00007f59101de000 JavaThread "Java2D Disposer" daemon [_thread_blocked, id=2036, stack(0x00007f58cb02e000,0x00007f58cb12f000)]
  0x00007f59100c0000 JavaThread "Service Thread" daemon [_thread_blocked, id=2034, stack(0x00007f58f8df7000,0x00007f58f8ef8000)]
  0x00007f59100bc800 JavaThread "C1 CompilerThread2" daemon [_thread_blocked, id=2033, stack(0x00007f58f8ef8000,0x00007f58f8ff9000)]
  0x00007f59100bb000 JavaThread "C2 CompilerThread1" daemon [_thread_blocked, id=2032, stack(0x00007f58f8ff9000,0x00007f58f90fa000)]
  0x00007f59100b8000 JavaThread "C2 CompilerThread0" daemon [_thread_blocked, id=2031, stack(0x00007f58f90fa000,0x00007f58f91fb000)]
  0x00007f59100b6800 JavaThread "Signal Dispatcher" daemon [_thread_in_native, id=2030, stack(0x00007f58f91fb000,0x00007f58f92fc000)]
  0x00007f5910083800 JavaThread "Finalizer" daemon [_thread_blocked, id=2029, stack(0x00007f58f9cbb000,0x00007f58f9dbc000)]
  0x00007f591007f000 JavaThread "Reference Handler" daemon [_thread_blocked, id=2028, stack(0x00007f58f9dbc000,0x00007f58f9ebd000)]

Other Threads:
  0x00007f5910077800 VMThread [stack: 0x00007f58f9ebd000,0x00007f58f9fbe000] [id=2027]
  0x00007f59100c3000 WatcherThread [stack: 0x00007f58f8cf6000,0x00007f58f8df7000] [id=2035]

VM state:not at safepoint (normal execution)

VM Mutex/Monitor currently owned by a thread: None

Heap:
 PSYoungGen      total 18432K, used 3810K [0x00000000ebd80000, 0x00000000ed200000, 0x0000000100000000)
  eden space 15872K, 24% used [0x00000000ebd80000,0x00000000ec138848,0x00000000ecd00000)
  from space 2560K, 0% used [0x00000000ecf80000,0x00000000ecf80000,0x00000000ed200000)
  to   space 2560K, 0% used [0x00000000ecd00000,0x00000000ecd00000,0x00000000ecf80000)
 ParOldGen       total 42496K, used 0K [0x00000000c3800000, 0x00000000c6180000, 0x00000000ebd80000)
  object space 42496K, 0% used [0x00000000c3800000,0x00000000c3800000,0x00000000c6180000)
 Metaspace       used 7538K, capacity 7626K, committed 7808K, reserved 1056768K
  class space    used 818K, capacity 858K, committed 896K, reserved 1048576K

Card table byte_map: [0x00007f5914f69000,0x00007f591514e000] byte_map_base: 0x00007f591494d000

Marking Bits: (ParMarkBitMap*) 0x00007f5917879f60
 Begin Bits: [0x00007f58fa1c0000, 0x00007f58fb0e0000)
 End Bits:   [0x00007f58fb0e0000, 0x00007f58fc000000)

Polling page: 0x00007f59184c9000

CodeCache: size=245760Kb used=2096Kb max_used=2107Kb free=243663Kb
 bounds [0x00007f5901000000, 0x00007f5901270000, 0x00007f5910000000]
 total_blobs=883 nmethods=433 adapters=364
 compilation: enabled

Compilation events (10 events):
Event: 158.440 Thread 0x00007f59100bc800  429   !   3       java.awt.EventQueue::postEventPrivate (104 bytes)
Event: 158.441 Thread 0x00007f59100bc800 nmethod 429 0x00007f590120a890 code [0x00007f590120aae0, 0x00007f590120b8e8]
Event: 158.441 Thread 0x00007f59100bc800  430       3       java.awt.EventQueue::dispatchEvent (80 bytes)
Event: 158.443 Thread 0x00007f59100bc800 nmethod 430 0x00007f590120bf10 code [0x00007f590120c1c0, 0x00007f590120d418]
Event: 158.446 Thread 0x00007f59100bc800  431   !   3       java.awt.KeyboardFocusManager::getGlobalFocusOwner (20 bytes)
Event: 158.447 Thread 0x00007f59100bc800 nmethod 431 0x00007f5901207e90 code [0x00007f5901208040, 0x00007f59012084c8]
Event: 158.450 Thread 0x00007f59100bc800  432       3       sun.awt.X11.WindowPropertyGetter::isDisposed (8 bytes)
Event: 158.450 Thread 0x00007f59100bc800 nmethod 432 0x00007f5901207b10 code [0x00007f5901207c80, 0x00007f5901207df0]
Event: 158.450 Thread 0x00007f59100b8000  433       4       sun.util.logging.PlatformLogger::isLoggable (38 bytes)
Event: 158.452 Thread 0x00007f59100b8000 nmethod 433 0x00007f5901207610 code [0x00007f5901207780, 0x00007f59012078f8]

GC Heap History (0 events):
No events

Deoptimization events (0 events):
No events

Internal exceptions (10 events):
Event: 0.029 Thread 0x00007f5910009800 Exception <a 'java/lang/NoSuchMethodError': Method sun.misc.Unsafe.defineClass(Ljava/lang/String;[BII)Ljava/lang/Class; name or signature does not match> (0x00000000ebd87ca8) thrown at [/HUDSON/workspace/8-2-build-linux-amd64/jdk8u131/8869/hotspot/src/sha
Event: 0.029 Thread 0x00007f5910009800 Exception <a 'java/lang/NoSuchMethodError': Method sun.misc.Unsafe.prefetchRead(Ljava/lang/Object;J)V name or signature does not match> (0x00000000ebd87f90) thrown at [/HUDSON/workspace/8-2-build-linux-amd64/jdk8u131/8869/hotspot/src/share/vm/prims/jni.cp
Event: 0.088 Thread 0x00007f5910009800 Exception <a 'java/security/PrivilegedActionException'> (0x00000000ebdf3f78) thrown at [/HUDSON/workspace/8-2-build-linux-amd64/jdk8u131/8869/hotspot/src/share/vm/prims/jvm.cpp, line 1390]
Event: 0.088 Thread 0x00007f5910009800 Exception <a 'java/security/PrivilegedActionException'> (0x00000000ebdf4188) thrown at [/HUDSON/workspace/8-2-build-linux-amd64/jdk8u131/8869/hotspot/src/share/vm/prims/jvm.cpp, line 1390]
Event: 0.088 Thread 0x00007f5910009800 Exception <a 'java/security/PrivilegedActionException'> (0x00000000ebdf65f0) thrown at [/HUDSON/workspace/8-2-build-linux-amd64/jdk8u131/8869/hotspot/src/share/vm/prims/jvm.cpp, line 1390]
Event: 0.088 Thread 0x00007f5910009800 Exception <a 'java/security/PrivilegedActionException'> (0x00000000ebdf6800) thrown at [/HUDSON/workspace/8-2-build-linux-amd64/jdk8u131/8869/hotspot/src/share/vm/prims/jvm.cpp, line 1390]
Event: 0.203 Thread 0x00007f5910009800 Exception <a 'java/lang/NoSuchFieldError': method resolution failed> (0x00000000ebf15f78) thrown at [/HUDSON/workspace/8-2-build-linux-amd64/jdk8u131/8869/hotspot/src/share/vm/prims/methodHandles.cpp, line 1146]
Event: 0.205 Thread 0x00007f5910009800 Exception <a 'java/lang/NoSuchFieldError': method resolution failed> (0x00000000ebf23748) thrown at [/HUDSON/workspace/8-2-build-linux-amd64/jdk8u131/8869/hotspot/src/share/vm/prims/methodHandles.cpp, line 1146]
Event: 0.290 Thread 0x00007f5910009800 Exception <a 'java/io/FileNotFoundException'> (0x00000000ebfa3610) thrown at [/HUDSON/workspace/8-2-build-linux-amd64/jdk8u131/8869/hotspot/src/share/vm/prims/jni.cpp, line 709]
Event: 0.290 Thread 0x00007f5910009800 Exception <a 'java/io/FileNotFoundException'> (0x00000000ebfa3fc8) thrown at [/HUDSON/workspace/8-2-build-linux-amd64/jdk8u131/8869/hotspot/src/share/vm/prims/jni.cpp, line 709]

Events (10 events):
Event: 0.660 loading class java/awt/GraphicsCallback$PaintCallback done
Event: 4.072 Executing VM operation: EnableBiasedLocking
Event: 4.072 Executing VM operation: EnableBiasedLocking done
Event: 54.216 loading class sun/awt/X11/XMotionEvent
Event: 54.241 loading class sun/awt/X11/XMotionEvent done
Event: 114.051 loading class sun/awt/X11/XButtonEvent
Event: 114.068 loading class sun/awt/X11/XButtonEvent done
Event: 121.871 Executing VM operation: BulkRevokeBias
Event: 121.871 Executing VM operation: BulkRevokeBias done
Event: 158.498 loading class sun/misc/Signal$1


Dynamic libraries:
00400000-00401000 r-xp 00000000 08:07 1317749                            /usr/lib/jvm/java-8-oracle/jre/bin/java
00600000-00601000 rw-p 00000000 08:07 1317749                            /usr/lib/jvm/java-8-oracle/jre/bin/java
0109d000-010be000 rw-p 00000000 00:00 0                                  [heap]
c3800000-c6180000 rw-p 00000000 00:00 0 
c6180000-ebd80000 ---p 00000000 00:00 0 
ebd80000-ed200000 rw-p 00000000 00:00 0 
ed200000-100000000 ---p 00000000 00:00 0 
100000000-1000e0000 rw-p 00000000 00:00 0 
1000e0000-140000000 ---p 00000000 00:00 0 
7f58b0000000-7f58b0297000 rw-p 00000000 00:00 0 
7f58b0297000-7f58b4000000 ---p 00000000 00:00 0 
7f58b8000000-7f58b8027000 rw-p 00000000 00:00 0 
7f58b8027000-7f58bc000000 ---p 00000000 00:00 0 
7f58bc000000-7f58bc021000 rw-p 00000000 00:00 0 
7f58bc021000-7f58c0000000 ---p 00000000 00:00 0 
7f58c0000000-7f58c0021000 rw-p 00000000 00:00 0 
7f58c0021000-7f58c4000000 ---p 00000000 00:00 0 
7f58c4000000-7f58c4021000 rw-p 00000000 00:00 0 
7f58c4021000-7f58c8000000 ---p 00000000 00:00 0 
7f58ca91b000-7f58ca91e000 ---p 00000000 00:00 0 
7f58ca91e000-7f58caa1c000 rw-p 00000000 00:00 0 
7f58caa1c000-7f58caa1f000 ---p 00000000 00:00 0 
7f58caa1f000-7f58cab1d000 rw-p 00000000 00:00 0 
7f58cab1d000-7f58cab20000 ---p 00000000 00:00 0 
7f58cab20000-7f58cac1e000 rw-p 00000000 00:00 0 
7f58cac1e000-7f58cac23000 r-xp 00000000 08:07 1057522                    /usr/lib/x86_64-linux-gnu/libXfixes.so.3.1.0
7f58cac23000-7f58cae22000 ---p 00005000 08:07 1057522                    /usr/lib/x86_64-linux-gnu/libXfixes.so.3.1.0
7f58cae22000-7f58cae23000 r--p 00004000 08:07 1057522                    /usr/lib/x86_64-linux-gnu/libXfixes.so.3.1.0
7f58cae23000-7f58cae24000 rw-p 00005000 08:07 1057522                    /usr/lib/x86_64-linux-gnu/libXfixes.so.3.1.0
7f58cae24000-7f58cae2d000 r-xp 00000000 08:07 1057514                    /usr/lib/x86_64-linux-gnu/libXcursor.so.1.0.2
7f58cae2d000-7f58cb02c000 ---p 00009000 08:07 1057514                    /usr/lib/x86_64-linux-gnu/libXcursor.so.1.0.2
7f58cb02c000-7f58cb02d000 r--p 00008000 08:07 1057514                    /usr/lib/x86_64-linux-gnu/libXcursor.so.1.0.2
7f58cb02d000-7f58cb02e000 rw-p 00009000 08:07 1057514                    /usr/lib/x86_64-linux-gnu/libXcursor.so.1.0.2
7f58cb02e000-7f58cb031000 ---p 00000000 00:00 0 
7f58cb031000-7f58cb12f000 rw-p 00000000 00:00 0 
7f58cb12f000-7f58cb145000 r-xp 00000000 08:07 4198974                    /lib/x86_64-linux-gnu/libgcc_s.so.1
7f58cb145000-7f58cb344000 ---p 00016000 08:07 4198974                    /lib/x86_64-linux-gnu/libgcc_s.so.1
7f58cb344000-7f58cb345000 rw-p 00015000 08:07 4198974                    /lib/x86_64-linux-gnu/libgcc_s.so.1
7f58cb345000-7f58cb3aa000 r-xp 00000000 08:07 1449464                    /usr/lib/jvm/java-8-oracle/jre/lib/amd64/libfontmanager.so
7f58cb3aa000-7f58cb5a9000 ---p 00065000 08:07 1449464                    /usr/lib/jvm/java-8-oracle/jre/lib/amd64/libfontmanager.so
7f58cb5a9000-7f58cb5ae000 rw-p 00064000 08:07 1449464                    /usr/lib/jvm/java-8-oracle/jre/lib/amd64/libfontmanager.so
7f58cb5ae000-7f58cb5be000 rw-p 00000000 00:00 0 
7f58cb5be000-7f58cb5c3000 r-xp 00000000 08:07 1057518                    /usr/lib/x86_64-linux-gnu/libXdmcp.so.6.0.0
7f58cb5c3000-7f58cb7c2000 ---p 00005000 08:07 1057518                    /usr/lib/x86_64-linux-gnu/libXdmcp.so.6.0.0
7f58cb7c2000-7f58cb7c3000 r--p 00004000 08:07 1057518                    /usr/lib/x86_64-linux-gnu/libXdmcp.so.6.0.0
7f58cb7c3000-7f58cb7c4000 rw-p 00005000 08:07 1057518                    /usr/lib/x86_64-linux-gnu/libXdmcp.so.6.0.0
7f58cb7c4000-7f58cb7c6000 r-xp 00000000 08:07 1057507                    /usr/lib/x86_64-linux-gnu/libXau.so.6.0.0
7f58cb7c6000-7f58cb9c6000 ---p 00002000 08:07 1057507                    /usr/lib/x86_64-linux-gnu/libXau.so.6.0.0
7f58cb9c6000-7f58cb9c7000 r--p 00002000 08:07 1057507                    /usr/lib/x86_64-linux-gnu/libXau.so.6.0.0
7f58cb9c7000-7f58cb9c8000 rw-p 00003000 08:07 1057507                    /usr/lib/x86_64-linux-gnu/libXau.so.6.0.0
7f58cb9c8000-7f58cb9e9000 r-xp 00000000 08:07 1058885                    /usr/lib/x86_64-linux-gnu/libxcb.so.1.1.0
7f58cb9e9000-7f58cbbe8000 ---p 00021000 08:07 1058885                    /usr/lib/x86_64-linux-gnu/libxcb.so.1.1.0
7f58cbbe8000-7f58cbbe9000 r--p 00020000 08:07 1058885                    /usr/lib/x86_64-linux-gnu/libxcb.so.1.1.0
7f58cbbe9000-7f58cbbea000 rw-p 00021000 08:07 1058885                    /usr/lib/x86_64-linux-gnu/libxcb.so.1.1.0
7f58cbbea000-7f58cbbf9000 r-xp 00000000 08:07 1057528                    /usr/lib/x86_64-linux-gnu/libXi.so.6.1.0
7f58cbbf9000-7f58cbdf8000 ---p 0000f000 08:07 1057528                    /usr/lib/x86_64-linux-gnu/libXi.so.6.1.0
7f58cbdf8000-7f58cbdf9000 r--p 0000e000 08:07 1057528                    /usr/lib/x86_64-linux-gnu/libXi.so.6.1.0
7f58cbdf9000-7f58cbdfa000 rw-p 0000f000 08:07 1057528                    /usr/lib/x86_64-linux-gnu/libXi.so.6.1.0
7f58cbdfa000-7f58cbdff000 r-xp 00000000 08:07 1057546                    /usr/lib/x86_64-linux-gnu/libXtst.so.6.1.0
7f58cbdff000-7f58cbffe000 ---p 00005000 08:07 1057546                    /usr/lib/x86_64-linux-gnu/libXtst.so.6.1.0
7f58cbffe000-7f58cbfff000 r--p 00004000 08:07 1057546                    /usr/lib/x86_64-linux-gnu/libXtst.so.6.1.0
7f58cbfff000-7f58cc000000 rw-p 00005000 08:07 1057546                    /usr/lib/x86_64-linux-gnu/libXtst.so.6.1.0
7f58cc000000-7f58cc4d5000 rw-p 00000000 00:00 0 
7f58cc4d5000-7f58d0000000 ---p 00000000 00:00 0 
7f58d0000000-7f58d0021000 rw-p 00000000 00:00 0 
7f58d0021000-7f58d4000000 ---p 00000000 00:00 0 
7f58d4000000-7f58d40fa000 rw-p 00000000 00:00 0 
7f58d40fa000-7f58d8000000 ---p 00000000 00:00 0 
7f58d8000000-7f58d804a000 rw-p 00000000 00:00 0 
7f58d804a000-7f58dc000000 ---p 00000000 00:00 0 
7f58dc000000-7f58dc021000 rw-p 00000000 00:00 0 
7f58dc021000-7f58e0000000 ---p 00000000 00:00 0 
7f58e0000000-7f58e0021000 rw-p 00000000 00:00 0 
7f58e0021000-7f58e4000000 ---p 00000000 00:00 0 
7f58e4000000-7f58e4021000 rw-p 00000000 00:00 0 
7f58e4021000-7f58e8000000 ---p 00000000 00:00 0 
7f58e8000000-7f58e8021000 rw-p 00000000 00:00 0 
7f58e8021000-7f58ec000000 ---p 00000000 00:00 0 
7f58ec000000-7f58ec021000 rw-p 00000000 00:00 0 
7f58ec021000-7f58f0000000 ---p 00000000 00:00 0 
7f58f0000000-7f58f0021000 rw-p 00000000 00:00 0 
7f58f0021000-7f58f4000000 ---p 00000000 00:00 0 
7f58f4000000-7f58f4021000 rw-p 00000000 00:00 0 
7f58f4021000-7f58f8000000 ---p 00000000 00:00 0 
7f58f8075000-7f58f807e000 r-xp 00000000 08:07 1057540                    /usr/lib/x86_64-linux-gnu/libXrender.so.1.3.0
7f58f807e000-7f58f827d000 ---p 00009000 08:07 1057540                    /usr/lib/x86_64-linux-gnu/libXrender.so.1.3.0
7f58f827d000-7f58f827e000 r--p 00008000 08:07 1057540                    /usr/lib/x86_64-linux-gnu/libXrender.so.1.3.0
7f58f827e000-7f58f827f000 rw-p 00009000 08:07 1057540                    /usr/lib/x86_64-linux-gnu/libXrender.so.1.3.0
7f58f827f000-7f58f83b4000 r-xp 00000000 08:07 1057503                    /usr/lib/x86_64-linux-gnu/libX11.so.6.3.0
7f58f83b4000-7f58f85b4000 ---p 00135000 08:07 1057503                    /usr/lib/x86_64-linux-gnu/libX11.so.6.3.0
7f58f85b4000-7f58f85b5000 r--p 00135000 08:07 1057503                    /usr/lib/x86_64-linux-gnu/libX11.so.6.3.0
7f58f85b5000-7f58f85b9000 rw-p 00136000 08:07 1057503                    /usr/lib/x86_64-linux-gnu/libX11.so.6.3.0
7f58f85b9000-7f58f85ca000 r-xp 00000000 08:07 1057520                    /usr/lib/x86_64-linux-gnu/libXext.so.6.4.0
7f58f85ca000-7f58f87c9000 ---p 00011000 08:07 1057520                    /usr/lib/x86_64-linux-gnu/libXext.so.6.4.0
7f58f87c9000-7f58f87ca000 r--p 00010000 08:07 1057520                    /usr/lib/x86_64-linux-gnu/libXext.so.6.4.0
7f58f87ca000-7f58f87cb000 rw-p 00011000 08:07 1057520                    /usr/lib/x86_64-linux-gnu/libXext.so.6.4.0
7f58f87cb000-7f58f881f000 r-xp 00000000 08:07 1449490                    /usr/lib/jvm/java-8-oracle/jre/lib/amd64/libawt_xawt.so
7f58f881f000-7f58f8a1f000 ---p 00054000 08:07 1449490                    /usr/lib/jvm/java-8-oracle/jre/lib/amd64/libawt_xawt.so
7f58f8a1f000-7f58f8a23000 rw-p 00054000 08:07 1449490                    /usr/lib/jvm/java-8-oracle/jre/lib/amd64/libawt_xawt.so
7f58f8a23000-7f58f8a24000 rw-p 00000000 00:00 0 
7f58f8a24000-7f58f8ac6000 r-xp 00000000 08:07 1449476                    /usr/lib/jvm/java-8-oracle/jre/lib/amd64/libawt.so
7f58f8ac6000-7f58f8cc6000 ---p 000a2000 08:07 1449476                    /usr/lib/jvm/java-8-oracle/jre/lib/amd64/libawt.so
7f58f8cc6000-7f58f8cd2000 rw-p 000a2000 08:07 1449476                    /usr/lib/jvm/java-8-oracle/jre/lib/amd64/libawt.so
7f58f8cd2000-7f58f8cf6000 rw-p 00000000 00:00 0 
7f58f8cf6000-7f58f8cf7000 ---p 00000000 00:00 0 
7f58f8cf7000-7f58f8df7000 rw-p 00000000 00:00 0 
7f58f8df7000-7f58f8dfa000 ---p 00000000 00:00 0 
7f58f8dfa000-7f58f8ef8000 rw-p 00000000 00:00 0 
7f58f8ef8000-7f58f8efb000 ---p 00000000 00:00 0 
7f58f8efb000-7f58f8ff9000 rw-p 00000000 00:00 0 
7f58f8ff9000-7f58f8ffc000 ---p 00000000 00:00 0 
7f58f8ffc000-7f58f90fa000 rw-p 00000000 00:00 0 
7f58f90fa000-7f58f90fd000 ---p 00000000 00:00 0 
7f58f90fd000-7f58f91fb000 rw-p 00000000 00:00 0 
7f58f91fb000-7f58f91fe000 ---p 00000000 00:00 0 
7f58f91fe000-7f58f92fc000 rw-p 00000000 00:00 0 
7f58f92fc000-7f58f9cbb000 r--p 00000000 08:07 1056204                    /usr/lib/locale/locale-archive
7f58f9cbb000-7f58f9cbe000 ---p 00000000 00:00 0 
7f58f9cbe000-7f58f9dbc000 rw-p 00000000 00:00 0 
7f58f9dbc000-7f58f9dbf000 ---p 00000000 00:00 0 
7f58f9dbf000-7f58f9ebd000 rw-p 00000000 00:00 0 
7f58f9ebd000-7f58f9ebe000 ---p 00000000 00:00 0 
7f58f9ebe000-7f58fc000000 rw-p 00000000 00:00 0 
7f58fc000000-7f58fc021000 rw-p 00000000 00:00 0 
7f58fc021000-7f5900000000 ---p 00000000 00:00 0 
7f5900013000-7f5900db1000 rw-p 00000000 00:00 0 
7f5900db1000-7f5900f8a000 r--s 03d40000 08:07 1317855                    /usr/lib/jvm/java-8-oracle/jre/lib/rt.jar
7f5900f8a000-7f5901000000 rw-p 00000000 00:00 0 
7f5901000000-7f5901270000 rwxp 00000000 00:00 0 
7f5901270000-7f5910000000 ---p 00000000 00:00 0 
7f5910000000-7f5910223000 rw-p 00000000 00:00 0 
7f5910223000-7f5914000000 ---p 00000000 00:00 0 
7f591401d000-7f59146fe000 rw-p 00000000 00:00 0 
7f59146fe000-7f591483e000 ---p 00000000 00:00 0 
7f591483e000-7f5914a22000 rw-p 00000000 00:00 0 
7f5914a22000-7f5914a23000 ---p 00000000 00:00 0 
7f5914a23000-7f5914b23000 rw-p 00000000 00:00 0 
7f5914b23000-7f5914b24000 ---p 00000000 00:00 0 
7f5914b24000-7f5914c24000 rw-p 00000000 00:00 0 
7f5914c24000-7f5914c25000 ---p 00000000 00:00 0 
7f5914c25000-7f5914d25000 rw-p 00000000 00:00 0 
7f5914d25000-7f5914d26000 ---p 00000000 00:00 0 
7f5914d26000-7f5914e3b000 rw-p 00000000 00:00 0 
7f5914e3b000-7f5914f69000 ---p 00000000 00:00 0 
7f5914f69000-7f5914f7e000 rw-p 00000000 00:00 0 
7f5914f7e000-7f59150ab000 ---p 00000000 00:00 0 
7f59150ab000-7f59150b6000 rw-p 00000000 00:00 0 
7f59150b6000-7f591514d000 ---p 00000000 00:00 0 
7f591514d000-7f5915158000 rw-p 00000000 00:00 0 
7f5915158000-7f591550e000 ---p 00000000 00:00 0 
7f591550e000-7f5915528000 r-xp 00000000 08:07 1449479                    /usr/lib/jvm/java-8-oracle/jre/lib/amd64/libzip.so
7f5915528000-7f5915728000 ---p 0001a000 08:07 1449479                    /usr/lib/jvm/java-8-oracle/jre/lib/amd64/libzip.so
7f5915728000-7f5915729000 rw-p 0001a000 08:07 1449479                    /usr/lib/jvm/java-8-oracle/jre/lib/amd64/libzip.so
7f5915729000-7f5915734000 r-xp 00000000 08:07 4199035                    /lib/x86_64-linux-gnu/libnss_files-2.23.so
7f5915734000-7f5915933000 ---p 0000b000 08:07 4199035                    /lib/x86_64-linux-gnu/libnss_files-2.23.so
7f5915933000-7f5915934000 r--p 0000a000 08:07 4199035                    /lib/x86_64-linux-gnu/libnss_files-2.23.so
7f5915934000-7f5915935000 rw-p 0000b000 08:07 4199035                    /lib/x86_64-linux-gnu/libnss_files-2.23.so
7f5915935000-7f591593b000 rw-p 00000000 00:00 0 
7f591593b000-7f5915946000 r-xp 00000000 08:07 4199045                    /lib/x86_64-linux-gnu/libnss_nis-2.23.so
7f5915946000-7f5915b45000 ---p 0000b000 08:07 4199045                    /lib/x86_64-linux-gnu/libnss_nis-2.23.so
7f5915b45000-7f5915b46000 r--p 0000a000 08:07 4199045                    /lib/x86_64-linux-gnu/libnss_nis-2.23.so
7f5915b46000-7f5915b47000 rw-p 0000b000 08:07 4199045                    /lib/x86_64-linux-gnu/libnss_nis-2.23.so
7f5915b47000-7f5915b5d000 r-xp 00000000 08:07 4199029                    /lib/x86_64-linux-gnu/libnsl-2.23.so
7f5915b5d000-7f5915d5c000 ---p 00016000 08:07 4199029                    /lib/x86_64-linux-gnu/libnsl-2.23.so
7f5915d5c000-7f5915d5d000 r--p 00015000 08:07 4199029                    /lib/x86_64-linux-gnu/libnsl-2.23.so
7f5915d5d000-7f5915d5e000 rw-p 00016000 08:07 4199029                    /lib/x86_64-linux-gnu/libnsl-2.23.so
7f5915d5e000-7f5915d60000 rw-p 00000000 00:00 0 
7f5915d60000-7f5915d68000 r-xp 00000000 08:07 4199031                    /lib/x86_64-linux-gnu/libnss_compat-2.23.so
7f5915d68000-7f5915f67000 ---p 00008000 08:07 4199031                    /lib/x86_64-linux-gnu/libnss_compat-2.23.so
7f5915f67000-7f5915f68000 r--p 00007000 08:07 4199031                    /lib/x86_64-linux-gnu/libnss_compat-2.23.so
7f5915f68000-7f5915f69000 rw-p 00008000 08:07 4199031                    /lib/x86_64-linux-gnu/libnss_compat-2.23.so
7f5915f69000-7f5915f94000 r-xp 00000000 08:07 1449473                    /usr/lib/jvm/java-8-oracle/jre/lib/amd64/libjava.so
7f5915f94000-7f5916193000 ---p 0002b000 08:07 1449473                    /usr/lib/jvm/java-8-oracle/jre/lib/amd64/libjava.so
7f5916193000-7f5916195000 rw-p 0002a000 08:07 1449473                    /usr/lib/jvm/java-8-oracle/jre/lib/amd64/libjava.so
7f5916195000-7f59161a2000 r-xp 00000000 08:07 1449478                    /usr/lib/jvm/java-8-oracle/jre/lib/amd64/libverify.so
7f59161a2000-7f59163a1000 ---p 0000d000 08:07 1449478                    /usr/lib/jvm/java-8-oracle/jre/lib/amd64/libverify.so
7f59163a1000-7f59163a3000 rw-p 0000c000 08:07 1449478                    /usr/lib/jvm/java-8-oracle/jre/lib/amd64/libverify.so
7f59163a3000-7f59163aa000 r-xp 00000000 08:07 4199090                    /lib/x86_64-linux-gnu/librt-2.23.so
7f59163aa000-7f59165a9000 ---p 00007000 08:07 4199090                    /lib/x86_64-linux-gnu/librt-2.23.so
7f59165a9000-7f59165aa000 r--p 00006000 08:07 4199090                    /lib/x86_64-linux-gnu/librt-2.23.so
7f59165aa000-7f59165ab000 rw-p 00007000 08:07 4199090                    /lib/x86_64-linux-gnu/librt-2.23.so
7f59165ab000-7f59166b3000 r-xp 00000000 08:07 4199006                    /lib/x86_64-linux-gnu/libm-2.23.so
7f59166b3000-7f59168b2000 ---p 00108000 08:07 4199006                    /lib/x86_64-linux-gnu/libm-2.23.so
7f59168b2000-7f59168b3000 r--p 00107000 08:07 4199006                    /lib/x86_64-linux-gnu/libm-2.23.so
7f59168b3000-7f59168b4000 rw-p 00108000 08:07 4199006                    /lib/x86_64-linux-gnu/libm-2.23.so
7f59168b4000-7f5917583000 r-xp 00000000 08:07 1449456                    /usr/lib/jvm/java-8-oracle/jre/lib/amd64/server/libjvm.so
7f5917583000-7f5917783000 ---p 00ccf000 08:07 1449456                    /usr/lib/jvm/java-8-oracle/jre/lib/amd64/server/libjvm.so
7f5917783000-7f591785c000 rw-p 00ccf000 08:07 1449456                    /usr/lib/jvm/java-8-oracle/jre/lib/amd64/server/libjvm.so
7f591785c000-7f59178a7000 rw-p 00000000 00:00 0 
7f59178a7000-7f5917a67000 r-xp 00000000 08:07 4198936                    /lib/x86_64-linux-gnu/libc-2.23.so
7f5917a67000-7f5917c66000 ---p 001c0000 08:07 4198936                    /lib/x86_64-linux-gnu/libc-2.23.so
7f5917c66000-7f5917c6a000 r--p 001bf000 08:07 4198936                    /lib/x86_64-linux-gnu/libc-2.23.so
7f5917c6a000-7f5917c6c000 rw-p 001c3000 08:07 4198936                    /lib/x86_64-linux-gnu/libc-2.23.so
7f5917c6c000-7f5917c70000 rw-p 00000000 00:00 0 
7f5917c70000-7f5917c73000 r-xp 00000000 08:07 4198960                    /lib/x86_64-linux-gnu/libdl-2.23.so
7f5917c73000-7f5917e72000 ---p 00003000 08:07 4198960                    /lib/x86_64-linux-gnu/libdl-2.23.so
7f5917e72000-7f5917e73000 r--p 00002000 08:07 4198960                    /lib/x86_64-linux-gnu/libdl-2.23.so
7f5917e73000-7f5917e74000 rw-p 00003000 08:07 4198960                    /lib/x86_64-linux-gnu/libdl-2.23.so
7f5917e74000-7f5917e89000 r-xp 00000000 08:07 1449451                    /usr/lib/jvm/java-8-oracle/jre/lib/amd64/jli/libjli.so
7f5917e89000-7f5918089000 ---p 00015000 08:07 1449451                    /usr/lib/jvm/java-8-oracle/jre/lib/amd64/jli/libjli.so
7f5918089000-7f591808a000 rw-p 00015000 08:07 1449451                    /usr/lib/jvm/java-8-oracle/jre/lib/amd64/jli/libjli.so
7f591808a000-7f59180a2000 r-xp 00000000 08:07 4199082                    /lib/x86_64-linux-gnu/libpthread-2.23.so
7f59180a2000-7f59182a1000 ---p 00018000 08:07 4199082                    /lib/x86_64-linux-gnu/libpthread-2.23.so
7f59182a1000-7f59182a2000 r--p 00017000 08:07 4199082                    /lib/x86_64-linux-gnu/libpthread-2.23.so
7f59182a2000-7f59182a3000 rw-p 00018000 08:07 4199082                    /lib/x86_64-linux-gnu/libpthread-2.23.so
7f59182a3000-7f59182a7000 rw-p 00000000 00:00 0 
7f59182a7000-7f59182cd000 r-xp 00000000 08:07 4198908                    /lib/x86_64-linux-gnu/ld-2.23.so
7f59182d7000-7f59183af000 rw-p 00000000 00:00 0 
7f59183af000-7f59183b2000 ---p 00000000 00:00 0 
7f59183b2000-7f59184b4000 rw-p 00000000 00:00 0 
7f59184bb000-7f59184c0000 r--s 002f9000 08:07 1317853                    /usr/lib/jvm/java-8-oracle/jre/lib/charsets.jar
7f59184c0000-7f59184c8000 rw-s 00000000 08:07 3801116                    /tmp/hsperfdata_lenovo/2021
7f59184c8000-7f59184c9000 rw-p 00000000 00:00 0 
7f59184c9000-7f59184ca000 r--p 00000000 00:00 0 
7f59184ca000-7f59184cc000 rw-p 00000000 00:00 0 
7f59184cc000-7f59184cd000 r--p 00025000 08:07 4198908                    /lib/x86_64-linux-gnu/ld-2.23.so
7f59184cd000-7f59184ce000 rw-p 00026000 08:07 4198908                    /lib/x86_64-linux-gnu/ld-2.23.so
7f59184ce000-7f59184cf000 rw-p 00000000 00:00 0 
7ffda9fa3000-7ffda9fc4000 rw-p 00000000 00:00 0                          [stack]
7ffda9ff7000-7ffda9ff9000 r--p 00000000 00:00 0                          [vvar]
7ffda9ff9000-7ffda9ffb000 r-xp 00000000 00:00 0                          [vdso]
ffffffffff600000-ffffffffff601000 r-xp 00000000 00:00 0                  [vsyscall]

VM Arguments:
java_command: myframe
java_class_path (initial): .
Launcher Type: SUN_STANDARD

Environment Variables:
JAVA_HOME=/usr/lib/jvm/java-8-oracle
PATH=/usr/local/sbin:/usr/local/bin:/usr/sbin:/usr/bin:/sbin:/bin:/usr/games:/usr/local/games:/snap/bin:/usr/lib/jvm/java-8-oracle/bin:/usr/lib/jvm/java-8-oracle/db/bin:/usr/lib/jvm/java-8-oracle/jre/bin
SHELL=/bin/bash
DISPLAY=:0

Signal Handlers:
SIGSEGV: [libjvm.so+0xac8af0], sa_mask[0]=11111111011111111101111111111110, sa_flags=SA_RESTART|SA_SIGINFO
SIGBUS: [libjvm.so+0xac8af0], sa_mask[0]=11111111011111111101111111111110, sa_flags=SA_RESTART|SA_SIGINFO
SIGFPE: [libjvm.so+0x921dd0], sa_mask[0]=11111111011111111101111111111110, sa_flags=SA_RESTART|SA_SIGINFO
SIGPIPE: [libjvm.so+0x921dd0], sa_mask[0]=11111111011111111101111111111110, sa_flags=SA_RESTART|SA_SIGINFO
SIGXFSZ: [libjvm.so+0x921dd0], sa_mask[0]=11111111011111111101111111111110, sa_flags=SA_RESTART|SA_SIGINFO
SIGILL: [libjvm.so+0x921dd0], sa_mask[0]=11111111011111111101111111111110, sa_flags=SA_RESTART|SA_SIGINFO
SIGUSR1: SIG_DFL, sa_mask[0]=00000000000000000000000000000000, sa_flags=none
SIGUSR2: [libjvm.so+0x923610], sa_mask[0]=00000000000000000000000000000000, sa_flags=SA_RESTART|SA_SIGINFO
SIGHUP: [libjvm.so+0x924a10], sa_mask[0]=11111111011111111101111111111110, sa_flags=SA_RESTART|SA_SIGINFO
SIGINT: [libjvm.so+0x924a10], sa_mask[0]=11111111011111111101111111111110, sa_flags=SA_RESTART|SA_SIGINFO
SIGTERM: [libjvm.so+0x924a10], sa_mask[0]=11111111011111111101111111111110, sa_flags=SA_RESTART|SA_SIGINFO
SIGQUIT: [libjvm.so+0x924a10], sa_mask[0]=11111111011111111101111111111110, sa_flags=SA_RESTART|SA_SIGINFO


---------------  S Y S T E M  ---------------

OS:DISTRIB_ID=Ubuntu
DISTRIB_RELEASE=16.04
DISTRIB_CODENAME=xenial
DISTRIB_DESCRIPTION="Ubuntu 16.04 LTS"

uname:Linux 4.4.0-21-generic #37-Ubuntu SMP Mon Apr 18 18:33:37 UTC 2016 x86_64
libc:glibc 2.23 NPTL 2.23 
rlimit: STACK 8192k, CORE 0k, NPROC 15335, NOFILE 65536, AS infinity
load average:0.37 0.52 0.33

/proc/meminfo:
MemTotal:        3964656 kB
MemFree:         2388956 kB
MemAvailable:    3047284 kB
Buffers:           50036 kB
Cached:           783476 kB
SwapCached:            0 kB
Active:           888064 kB
Inactive:         543448 kB
Active(anon):     599348 kB
Inactive(anon):   184720 kB
Active(file):     288716 kB
Inactive(file):   358728 kB
Unevictable:          32 kB
Mlocked:              32 kB
SwapTotal:       4108284 kB
SwapFree:        4108284 kB
Dirty:                92 kB
Writeback:             0 kB
AnonPages:        596940 kB
Mapped:           259160 kB
Shmem:            186248 kB
Slab:              71736 kB
SReclaimable:      40296 kB
SUnreclaim:        31440 kB
KernelStack:        7952 kB
PageTables:        21152 kB
NFS_Unstable:          0 kB
Bounce:                0 kB
WritebackTmp:          0 kB
CommitLimit:     6090612 kB
Committed_AS:    3156884 kB
VmallocTotal:   34359738367 kB
VmallocUsed:           0 kB
VmallocChunk:          0 kB
HardwareCorrupted:     0 kB
AnonHugePages:    217088 kB
CmaTotal:              0 kB
CmaFree:               0 kB
HugePages_Total:       0
HugePages_Free:        0
HugePages_Rsvd:        0
HugePages_Surp:        0
Hugepagesize:       2048 kB
DirectMap4k:      113216 kB
DirectMap2M:     2951168 kB
DirectMap1G:     2097152 kB


CPU:total 4 (initial active 4) (2 cores per cpu, 2 threads per core) family 6 model 61 stepping 4, cmov, cx8, fxsr, mmx, sse, sse2, sse3, ssse3, sse4.1, sse4.2, popcnt, avx, avx2, aes, clmul, erms, 3dnowpref, lzcnt, ht, tsc, tscinvbit, bmi1, bmi2, adx

/proc/cpuinfo:
processor	: 0
vendor_id	: GenuineIntel
cpu family	: 6
model		: 61
model name	: Intel(R) Core(TM) i3-5005U CPU @ 2.00GHz
stepping	: 4
microcode	: 0x22
cpu MHz		: 1900.000
cache size	: 3072 KB
physical id	: 0
siblings	: 4
core id		: 0
cpu cores	: 2
apicid		: 0
initial apicid	: 0
fpu		: yes
fpu_exception	: yes
cpuid level	: 20
wp		: yes
flags		: fpu vme de pse tsc msr pae mce cx8 apic sep mtrr pge mca cmov pat pse36 clflush dts acpi mmx fxsr sse sse2 ss ht tm pbe syscall nx pdpe1gb rdtscp lm constant_tsc arch_perfmon pebs bts rep_good nopl xtopology nonstop_tsc aperfmperf eagerfpu pni pclmulqdq dtes64 monitor ds_cpl vmx est tm2 ssse3 sdbg fma cx16 xtpr pdcm pcid sse4_1 sse4_2 x2apic movbe popcnt tsc_deadline_timer aes xsave avx f16c rdrand lahf_lm abm 3dnowprefetch epb intel_pt tpr_shadow vnmi flexpriority ept vpid fsgsbase tsc_adjust bmi1 avx2 smep bmi2 erms invpcid rdseed adx smap xsaveopt dtherm arat pln pts
bugs		:
bogomips	: 3990.90
clflush size	: 64
cache_alignment	: 64
address sizes	: 39 bits physical, 48 bits virtual
power management:

processor	: 1
vendor_id	: GenuineIntel
cpu family	: 6
model		: 61
model name	: Intel(R) Core(TM) i3-5005U CPU @ 2.00GHz
stepping	: 4
microcode	: 0x22
cpu MHz		: 1899.921
cache size	: 3072 KB
physical id	: 0
siblings	: 4
core id		: 1
cpu cores	: 2
apicid		: 2
initial apicid	: 2
fpu		: yes
fpu_exception	: yes
cpuid level	: 20
wp		: yes
flags		: fpu vme de pse tsc msr pae mce cx8 apic sep mtrr pge mca cmov pat pse36 clflush dts acpi mmx fxsr sse sse2 ss ht tm pbe syscall nx pdpe1gb rdtscp lm constant_tsc arch_perfmon pebs bts rep_good nopl xtopology nonstop_tsc aperfmperf eagerfpu pni pclmulqdq dtes64 monitor ds_cpl vmx est tm2 ssse3 sdbg fma cx16 xtpr pdcm pcid sse4_1 sse4_2 x2apic movbe popcnt tsc_deadline_timer aes xsave avx f16c rdrand lahf_lm abm 3dnowprefetch epb intel_pt tpr_shadow vnmi flexpriority ept vpid fsgsbase tsc_adjust bmi1 avx2 smep bmi2 erms invpcid rdseed adx smap xsaveopt dtherm arat pln pts
bugs		:
bogomips	: 3990.90
clflush size	: 64
cache_alignment	: 64
address sizes	: 39 bits physical, 48 bits virtual
power management:

processor	: 2
vendor_id	: GenuineIntel
cpu family	: 6
model		: 61
model name	: Intel(R) Core(TM) i3-5005U CPU @ 2.00GHz
stepping	: 4
microcode	: 0x22
cpu MHz		: 1899.921
cache size	: 3072 KB
physical id	: 0
siblings	: 4
core id		: 0
cpu cores	: 2
apicid		: 1
initial apicid	: 1
fpu		: yes
fpu_exception	: yes
cpuid level	: 20
wp		: yes
flags		: fpu vme de pse tsc msr pae mce cx8 apic sep mtrr pge mca cmov pat pse36 clflush dts acpi mmx fxsr sse sse2 ss ht tm pbe syscall nx pdpe1gb rdtscp lm constant_tsc arch_perfmon pebs bts rep_good nopl xtopology nonstop_tsc aperfmperf eagerfpu pni pclmulqdq dtes64 monitor ds_cpl vmx est tm2 ssse3 sdbg fma cx16 xtpr pdcm pcid sse4_1 sse4_2 x2apic movbe popcnt tsc_deadline_timer aes xsave avx f16c rdrand lahf_lm abm 3dnowprefetch epb intel_pt tpr_shadow vnmi flexpriority ept vpid fsgsbase tsc_adjust bmi1 avx2 smep bmi2 erms invpcid rdseed adx smap xsaveopt dtherm arat pln pts
bugs		:
bogomips	: 3990.90
clflush size	: 64
cache_alignment	: 64
address sizes	: 39 bits physical, 48 bits virtual
power management:

processor	: 3
vendor_id	: GenuineIntel
cpu family	: 6
model		: 61
model name	: Intel(R) Core(TM) i3-5005U CPU @ 2.00GHz
stepping	: 4
microcode	: 0x22
cpu MHz		: 1900.000
cache size	: 3072 KB
physical id	: 0
siblings	: 4
core id		: 1
cpu cores	: 2
apicid		: 3
initial apicid	: 3
fpu		: yes
fpu_exception	: yes
cpuid level	: 20
wp		: yes
flags		: fpu vme de pse tsc msr pae mce cx8 apic sep mtrr pge mca cmov pat pse36 clflush dts acpi mmx fxsr sse sse2 ss ht tm pbe syscall nx pdpe1gb rdtscp lm constant_tsc arch_perfmon pebs bts rep_good nopl xtopology nonstop_tsc aperfmperf eagerfpu pni pclmulqdq dtes64 monitor ds_cpl vmx est tm2 ssse3 sdbg fma cx16 xtpr pdcm pcid sse4_1 sse4_2 x2apic movbe popcnt tsc_deadline_timer aes xsave avx f16c rdrand lahf_lm abm 3dnowprefetch epb intel_pt tpr_shadow vnmi flexpriority ept vpid fsgsbase tsc_adjust bmi1 avx2 smep bmi2 erms invpcid rdseed adx smap xsaveopt dtherm arat pln pts
bugs		:
bogomips	: 3990.90
clflush size	: 64
cache_alignment	: 64
address sizes	: 39 bits physical, 48 bits virtual
power management:



Memory: 4k page, physical 3964656k(2391552k free), swap 4108284k(4108284k free)

vm_info: Java HotSpot(TM) 64-Bit Server VM (25.131-b11) for linux-amd64 JRE (1.8.0_131-b11), built on Mar 15 2017 01:23:40 by "java_re" with gcc 4.3.0 20080428 (Red Hat 4.3.0-8)

time: Fri Nov 24 15:30:55 2017
elapsed time: 158 seconds (0d 0h 2m 38s)

